<?xml version="1.0" encoding="UTF-8"?>
<!-- Generated by org.testng.reporters.JUnitXMLReporter -->
<testsuite ignored="0" hostname="LAPTOP-OEBBQQBQ" failures="0" tests="2" name="Default test" time="0.467" errors="0" timestamp="2022-03-18T13:25:45 IST">
  <testcase classname="test.loginpagetest" name="@BeforeMethod setup" time="0.415">
    <failure type="java.lang.NoSuchMethodError" message="&amp;apos;java.util.stream.Collector com.google.common.collect.ImmutableList.toImmutableList()&amp;apos;">
      <![CDATA[java.lang.NoSuchMethodError: 'java.util.stream.Collector com.google.common.collect.ImmutableList.toImmutableList()'
at org.openqa.selenium.remote.CapabilitiesUtils.makeW3CSafe(CapabilitiesUtils.java:98)
at org.openqa.selenium.remote.CapabilitiesUtils.makeW3CSafe(CapabilitiesUtils.java:70)
at java.base/java.util.stream.ReferencePipeline$7$1.accept(ReferencePipeline.java:273)
at java.base/java.util.Collections$2.tryAdvance(Collections.java:4853)
at java.base/java.util.Collections$2.forEachRemaining(Collections.java:4861)
at java.base/java.util.stream.AbstractPipeline.copyInto(AbstractPipeline.java:509)
at java.base/java.util.stream.AbstractPipeline.wrapAndCopyInto(AbstractPipeline.java:499)
at java.base/java.util.stream.ReduceOps$ReduceOp.evaluateSequential(ReduceOps.java:921)
at java.base/java.util.stream.AbstractPipeline.evaluate(AbstractPipeline.java:234)
at java.base/java.util.stream.ReferencePipeline.collect(ReferencePipeline.java:682)
at org.openqa.selenium.remote.DriverCommand.NEW_SESSION(DriverCommand.java:65)
at org.openqa.selenium.remote.RemoteWebDriver.startSession(RemoteWebDriver.java:246)
at org.openqa.selenium.remote.RemoteWebDriver.<init>(RemoteWebDriver.java:168)
at org.openqa.selenium.chromium.ChromiumDriver.<init>(ChromiumDriver.java:108)
at org.openqa.selenium.chrome.ChromeDriver.<init>(ChromeDriver.java:104)
at org.openqa.selenium.chrome.ChromeDriver.<init>(ChromeDriver.java:91)
at org.openqa.selenium.chrome.ChromeDriver.<init>(ChromeDriver.java:46)
at base.base.initialization(base.java:35)
at test.loginpagetest.setup(loginpagetest.java:25)
at java.base/jdk.internal.reflect.NativeMethodAccessorImpl.invoke0(Native Method)
at java.base/jdk.internal.reflect.NativeMethodAccessorImpl.invoke(NativeMethodAccessorImpl.java:77)
at java.base/jdk.internal.reflect.DelegatingMethodAccessorImpl.invoke(DelegatingMethodAccessorImpl.java:43)
at java.base/java.lang.reflect.Method.invoke(Method.java:568)
at org.testng.internal.MethodInvocationHelper.invokeMethod(MethodInvocationHelper.java:133)
at org.testng.internal.MethodInvocationHelper.invokeMethodConsideringTimeout(MethodInvocationHelper.java:62)
at org.testng.internal.ConfigInvoker.invokeConfigurationMethod(ConfigInvoker.java:385)
at org.testng.internal.ConfigInvoker.invokeConfigurations(ConfigInvoker.java:321)
at org.testng.internal.TestInvoker.runConfigMethods(TestInvoker.java:700)
at org.testng.internal.TestInvoker.invokeMethod(TestInvoker.java:527)
at org.testng.internal.TestInvoker.invokeTestMethod(TestInvoker.java:173)
at org.testng.internal.MethodRunner.runInSequence(MethodRunner.java:46)
at org.testng.internal.TestInvoker$MethodInvocationAgent.invoke(TestInvoker.java:824)
at org.testng.internal.TestInvoker.invokeTestMethods(TestInvoker.java:146)
at org.testng.internal.TestMethodWorker.invokeTestMethods(TestMethodWorker.java:146)
at org.testng.internal.TestMethodWorker.run(TestMethodWorker.java:128)
at java.base/java.util.ArrayList.forEach(ArrayList.java:1511)
at org.testng.TestRunner.privateRun(TestRunner.java:794)
at org.testng.TestRunner.run(TestRunner.java:596)
at org.testng.SuiteRunner.runTest(SuiteRunner.java:377)
at org.testng.SuiteRunner.runSequentially(SuiteRunner.java:371)
at org.testng.SuiteRunner.privateRun(SuiteRunner.java:332)
at org.testng.SuiteRunner.run(SuiteRunner.java:276)
at org.testng.SuiteRunnerWorker.runSuite(SuiteRunnerWorker.java:53)
at org.testng.SuiteRunnerWorker.run(SuiteRunnerWorker.java:96)
at org.testng.TestNG.runSuitesSequentially(TestNG.java:1212)
at org.testng.TestNG.runSuitesLocally(TestNG.java:1134)
at org.testng.TestNG.runSuites(TestNG.java:1063)
at org.testng.TestNG.run(TestNG.java:1031)
at org.testng.remote.AbstractRemoteTestNG.run(AbstractRemoteTestNG.java:115)
at org.testng.remote.RemoteTestNG.initAndRun(RemoteTestNG.java:251)
at org.testng.remote.RemoteTestNG.main(RemoteTestNG.java:77)
]]>
    </failure>
  </testcase> <!-- @BeforeMethod setup -->
  <testcase classname="test.loginpagetest" name="@AfterMethod teardown" time="-1.647590145638E9">
    <skipped/>
  </testcase> <!-- @AfterMethod teardown -->
  <testcase classname="test.loginpagetest" name="@BeforeMethod setup" time="-1.64759014564E9">
    <skipped/>
  </testcase> <!-- @BeforeMethod setup -->
  <testcase classname="test.loginpagetest" name="@AfterMethod teardown" time="-1.647590145644E9">
    <skipped/>
  </testcase> <!-- @AfterMethod teardown -->
  <testcase classname="test.loginpagetest" name="logotest" time="0.0">
    <skipped/>
  </testcase> <!-- logotest -->
  <testcase classname="test.loginpagetest" name="tittletest" time="0.0">
    <skipped/>
  </testcase> <!-- tittletest -->
</testsuite> <!-- Default test -->
