<?xml version="1.0" encoding="UTF-8"?>
<testng-results ignored="0" total="2" passed="2" failed="0" skipped="0">
  <reporter-output>
  </reporter-output>
  <suite started-at="2022-03-21T12:26:57 IST" name="Default suite" finished-at="2022-03-21T12:27:12 IST" duration-ms="14731">
    <groups>
    </groups>
    <test started-at="2022-03-21T12:26:57 IST" name="Default test" finished-at="2022-03-21T12:27:12 IST" duration-ms="14731">
      <class name="test3.test">
        <test-method is-config="true" signature="setup()[pri:0, instance:test3.test@3023df74]" started-at="2022-03-21T12:26:57 IST" name="setup" finished-at="2022-03-21T12:27:04 IST" duration-ms="7512" status="PASS">
          <reporter-output>
          </reporter-output>
        </test-method> <!-- setup -->
        <test-method signature="logotestt()[pri:0, instance:test3.test@3023df74]" started-at="2022-03-21T12:27:04 IST" name="logotestt" finished-at="2022-03-21T12:27:04 IST" duration-ms="72" status="PASS">
          <reporter-output>
          </reporter-output>
        </test-method> <!-- logotestt -->
        <test-method is-config="true" signature="teardown()[pri:0, instance:test3.test@3023df74]" started-at="2022-03-21T12:27:04 IST" name="teardown" finished-at="2022-03-21T12:27:05 IST" duration-ms="324" status="PASS">
          <reporter-output>
          </reporter-output>
        </test-method> <!-- teardown -->
        <test-method is-config="true" signature="setup()[pri:0, instance:test3.test@3023df74]" started-at="2022-03-21T12:27:05 IST" name="setup" finished-at="2022-03-21T12:27:11 IST" duration-ms="6591" status="PASS">
          <reporter-output>
          </reporter-output>
        </test-method> <!-- setup -->
        <test-method signature="tittletest()[pri:1, instance:test3.test@3023df74]" started-at="2022-03-21T12:27:11 IST" name="tittletest" finished-at="2022-03-21T12:27:11 IST" duration-ms="54" status="PASS">
          <reporter-output>
          </reporter-output>
        </test-method> <!-- tittletest -->
        <test-method is-config="true" signature="teardown()[pri:0, instance:test3.test@3023df74]" started-at="2022-03-21T12:27:11 IST" name="teardown" finished-at="2022-03-21T12:27:12 IST" duration-ms="143" status="PASS">
          <reporter-output>
          </reporter-output>
        </test-method> <!-- teardown -->
      </class> <!-- test3.test -->
    </test> <!-- Default test -->
  </suite> <!-- Default suite -->
</testng-results>
